0 info it worked if it ends with ok
1 verbose cli [ '/usr/local/bin/node', '/usr/local/bin/npm', 'run', 'rollup' ]
2 info using npm@3.8.6
3 info using node@v5.12.0
4 verbose run-script [ 'prerollup', 'rollup', 'postrollup' ]
5 info lifecycle angular2-base@1.0.0~prerollup: angular2-base@1.0.0
6 silly lifecycle angular2-base@1.0.0~prerollup: no script for prerollup, continuing
7 info lifecycle angular2-base@1.0.0~rollup: angular2-base@1.0.0
8 verbose lifecycle angular2-base@1.0.0~rollup: unsafe-perm in lifecycle true
9 verbose lifecycle angular2-base@1.0.0~rollup: PATH: /usr/local/lib/node_modules/npm/bin/node-gyp-bin:/Users/print/Github/build_teste_v1/node_modules/.bin:/usr/local/bin:/usr/local/bin:/usr/bin:/bin:/usr/sbin:/sbin:/usr/local/git/bin:/Users/print/android-sdk-mac/tools
10 verbose lifecycle angular2-base@1.0.0~rollup: CWD: /Users/print/Github/build_teste_v1
11 silly lifecycle angular2-base@1.0.0~rollup: Args: [ '-c', 'rollup -c rollup.config.js' ]
12 silly lifecycle angular2-base@1.0.0~rollup: Returned: code: 1  signal: null
13 info lifecycle angular2-base@1.0.0~rollup: Failed to exec rollup script
14 verbose stack Error: angular2-base@1.0.0 rollup: `rollup -c rollup.config.js`
14 verbose stack Exit status 1
14 verbose stack     at EventEmitter.<anonymous> (/usr/local/lib/node_modules/npm/lib/utils/lifecycle.js:239:16)
14 verbose stack     at emitTwo (events.js:100:13)
14 verbose stack     at EventEmitter.emit (events.js:185:7)
14 verbose stack     at ChildProcess.<anonymous> (/usr/local/lib/node_modules/npm/lib/utils/spawn.js:24:14)
14 verbose stack     at emitTwo (events.js:100:13)
14 verbose stack     at ChildProcess.emit (events.js:185:7)
14 verbose stack     at maybeClose (internal/child_process.js:850:16)
14 verbose stack     at Process.ChildProcess._handle.onexit (internal/child_process.js:215:5)
15 verbose pkgid angular2-base@1.0.0
16 verbose cwd /Users/print/Github/build_teste_v1
17 error Darwin 15.4.0
18 error argv "/usr/local/bin/node" "/usr/local/bin/npm" "run" "rollup"
19 error node v5.12.0
20 error npm  v3.8.6
21 error code ELIFECYCLE
22 error angular2-base@1.0.0 rollup: `rollup -c rollup.config.js`
22 error Exit status 1
23 error Failed at the angular2-base@1.0.0 rollup script 'rollup -c rollup.config.js'.
23 error Make sure you have the latest version of node.js and npm installed.
23 error If you do, this is most likely a problem with the angular2-base package,
23 error not with npm itself.
23 error Tell the author that this fails on your system:
23 error     rollup -c rollup.config.js
23 error You can get information on how to open an issue for this project with:
23 error     npm bugs angular2-base
23 error Or if that isn't available, you can get their info via:
23 error     npm owner ls angular2-base
23 error There is likely additional logging output above.
24 verbose exit [ 1, true ]
